# JRE version: OpenJDK Runtime Environment Temurin-21.0.8+9 (21.0.8+9) (build 21.0.8+9-LTS)
# Java VM: OpenJDK 64-Bit Server VM Temurin-21.0.8+9 (21.0.8+9-LTS, mixed mode, sharing, tiered, compressed oops, compressed class ptrs, parallel gc, windows-amd64)
GC Precious Log:
 CardTable entry size: 512
 CPUs: 12 total, 12 available
 Memory: 16044M
 Large Page Support: Disabled
 NUMA Support: Disabled
 Compressed Oops: Enabled (32-bit)
 Alignments: Space 512K, Generation 512K, Heap 2M
 Heap Min Capacity: 100M
 Heap Initial Capacity: 100M
 Heap Max Capacity: 2G
 Pre-touch: Disabled
 Parallel Workers: 10
Heap:
 PSYoungGen      total 1536K, used 656K [0x00000000d5580000, 0x00000000d5880000, 0x0000000100000000)
  eden space 1024K, 39% used [0x00000000d5580000,0x00000000d55e4010,0x00000000d5680000)
  from space 512K, 50% used [0x00000000d5780000,0x00000000d57c0000,0x00000000d5800000)
  to   space 512K, 0% used [0x00000000d5800000,0x00000000d5800000,0x00000000d5880000)
 ParOldGen       total 365568K, used 270038K [0x0000000080000000, 0x0000000096500000, 0x00000000d5580000)
  object space 365568K, 73% used [0x0000000080000000,0x00000000907b5908,0x0000000096500000)
 Metaspace       used 78321K, committed 79936K, reserved 1179648K
  class space    used 9610K, committed 10304K, reserved 1048576K
GC Heap History (20 events):
Event: 98.808 GC heap before
{Heap before GC invocations=979 (full 3):
 PSYoungGen      total 1536K, used 1344K [0x00000000d5580000, 0x00000000d5880000, 0x0000000100000000)
  eden space 1024K, 100% used [0x00000000d5580000,0x00000000d5680000,0x00000000d5680000)
  from space 512K, 62% used [0x00000000d5780000,0x00000000d57d0000,0x00000000d5800000)
  to   space 512K, 0% used [0x00000000d5800000,0x00000000d5800000,0x00000000d5880000)
 ParOldGen       total 365568K, used 229464K [0x0000000080000000, 0x0000000096500000, 0x00000000d5580000)
  object space 365568K, 62% used [0x0000000080000000,0x000000008e016310,0x0000000096500000)
 Metaspace       used 78302K, committed 79808K, reserved 1179648K
  class space    used 9609K, committed 10240K, reserved 1048576K
}
Event: 98.809 GC heap after
{Heap after GC invocations=979 (full 3):
 PSYoungGen      total 1536K, used 224K [0x00000000d5580000, 0x00000000d5880000, 0x0000000100000000)
  eden space 1024K, 0% used [0x00000000d5580000,0x00000000d5580000,0x00000000d5680000)
  from space 512K, 43% used [0x00000000d5800000,0x00000000d5838000,0x00000000d5880000)
  to   space 512K, 0% used [0x00000000d5780000,0x00000000d5780000,0x00000000d5800000)
 ParOldGen       total 365568K, used 229544K [0x0000000080000000, 0x0000000096500000, 0x00000000d5580000)
  object space 365568K, 62% used [0x0000000080000000,0x000000008e02a310,0x0000000096500000)
 Metaspace       used 78302K, committed 79808K, reserved 1179648K
  class space    used 9609K, committed 10240K, reserved 1048576K
}
Event: 98.816 GC heap before
{Heap before GC invocations=980 (full 3):
 PSYoungGen      total 1536K, used 1248K [0x00000000d5580000, 0x00000000d5880000, 0x0000000100000000)
  eden space 1024K, 100% used [0x00000000d5580000,0x00000000d5680000,0x00000000d5680000)
  from space 512K, 43% used [0x00000000d5800000,0x00000000d5838000,0x00000000d5880000)
  to   space 512K, 0% used [0x00000000d5780000,0x00000000d5780000,0x00000000d5800000)
 ParOldGen       total 365568K, used 229544K [0x0000000080000000, 0x0000000096500000, 0x00000000d5580000)
  object space 365568K, 62% used [0x0000000080000000,0x000000008e02a310,0x0000000096500000)
 Metaspace       used 78302K, committed 79808K, reserved 1179648K
  class space    used 9609K, committed 10240K, reserved 1048576K
}
Event: 98.817 GC heap after
{Heap after GC invocations=980 (full 3):
 PSYoungGen      total 1536K, used 256K [0x00000000d5580000, 0x00000000d5880000, 0x0000000100000000)
  eden space 1024K, 0% used [0x00000000d5580000,0x00000000d5580000,0x00000000d5680000)
  from space 512K, 50% used [0x00000000d5780000,0x00000000d57c0000,0x00000000d5800000)
  to   space 512K, 0% used [0x00000000d5800000,0x00000000d5800000,0x00000000d5880000)
 ParOldGen       total 365568K, used 229624K [0x0000000080000000, 0x0000000096500000, 0x00000000d5580000)
  object space 365568K, 62% used [0x0000000080000000,0x000000008e03e310,0x0000000096500000)
 Metaspace       used 78302K, committed 79808K, reserved 1179648K
  class space    used 9609K, committed 10240K, reserved 1048576K
}
Event: 98.827 GC heap before
{Heap before GC invocations=981 (full 3):
 PSYoungGen      total 1536K, used 1280K [0x00000000d5580000, 0x00000000d5880000, 0x0000000100000000)
  eden space 1024K, 100% used [0x00000000d5580000,0x00000000d5680000,0x00000000d5680000)
  from space 512K, 50% used [0x00000000d5780000,0x00000000d57c0000,0x00000000d5800000)
  to   space 512K, 0% used [0x00000000d5800000,0x00000000d5800000,0x00000000d5880000)
 ParOldGen       total 365568K, used 229624K [0x0000000080000000, 0x0000000096500000, 0x00000000d5580000)
  object space 365568K, 62% used [0x0000000080000000,0x000000008e03e310,0x0000000096500000)
 Metaspace       used 78302K, committed 79808K, reserved 1179648K
  class space    used 9609K, committed 10240K, reserved 1048576K
}
Event: 98.828 GC heap after
{Heap after GC invocations=981 (full 3):
 PSYoungGen      total 1536K, used 288K [0x00000000d5580000, 0x00000000d5880000, 0x0000000100000000)
  eden space 1024K, 0% used [0x00000000d5580000,0x00000000d5580000,0x00000000d5680000)
  from space 512K, 56% used [0x00000000d5800000,0x00000000d5848000,0x00000000d5880000)
  to   space 512K, 0% used [0x00000000d5780000,0x00000000d5780000,0x00000000d5800000)
 ParOldGen       total 365568K, used 229696K [0x0000000080000000, 0x0000000096500000, 0x00000000d5580000)
  object space 365568K, 62% used [0x0000000080000000,0x000000008e050310,0x0000000096500000)
 Metaspace       used 78302K, committed 79808K, reserved 1179648K
  class space    used 9609K, committed 10240K, reserved 1048576K
}
Event: 98.834 GC heap before
{Heap before GC invocations=982 (full 3):
 PSYoungGen      total 1536K, used 1312K [0x00000000d5580000, 0x00000000d5880000, 0x0000000100000000)
  eden space 1024K, 100% used [0x00000000d5580000,0x00000000d5680000,0x00000000d5680000)
  from space 512K, 56% used [0x00000000d5800000,0x00000000d5848000,0x00000000d5880000)
  to   space 512K, 0% used [0x00000000d5780000,0x00000000d5780000,0x00000000d5800000)
 ParOldGen       total 365568K, used 229696K [0x0000000080000000, 0x0000000096500000, 0x00000000d5580000)
  object space 365568K, 62% used [0x0000000080000000,0x000000008e050310,0x0000000096500000)
 Metaspace       used 78306K, committed 79808K, reserved 1179648K
  class space    used 9609K, committed 10240K, reserved 1048576K
}
Event: 98.835 GC heap after
{Heap after GC invocations=982 (full 3):
 PSYoungGen      total 1536K, used 224K [0x00000000d5580000, 0x00000000d5880000, 0x0000000100000000)
  eden space 1024K, 0% used [0x00000000d5580000,0x00000000d5580000,0x00000000d5680000)
  from space 512K, 43% used [0x00000000d5780000,0x00000000d57b8000,0x00000000d5800000)
  to   space 512K, 0% used [0x00000000d5800000,0x00000000d5800000,0x00000000d5880000)
 ParOldGen       total 365568K, used 229776K [0x0000000080000000, 0x0000000096500000, 0x00000000d5580000)
  object space 365568K, 62% used [0x0000000080000000,0x000000008e064310,0x0000000096500000)
 Metaspace       used 78306K, committed 79808K, reserved 1179648K
  class space    used 9609K, committed 10240K, reserved 1048576K
}
Event: 98.848 GC heap before
{Heap before GC invocations=983 (full 3):
 PSYoungGen      total 1536K, used 1247K [0x00000000d5580000, 0x00000000d5880000, 0x0000000100000000)
  eden space 1024K, 99% used [0x00000000d5580000,0x00000000d567ffb8,0x00000000d5680000)
  from space 512K, 43% used [0x00000000d5780000,0x00000000d57b8000,0x00000000d5800000)
  to   space 512K, 0% used [0x00000000d5800000,0x00000000d5800000,0x00000000d5880000)
 ParOldGen       total 365568K, used 229776K [0x0000000080000000, 0x0000000096500000, 0x00000000d5580000)
  object space 365568K, 62% used [0x0000000080000000,0x000000008e064310,0x0000000096500000)
 Metaspace       used 78306K, committed 79808K, reserved 1179648K
  class space    used 9609K, committed 10240K, reserved 1048576K
}
Event: 98.849 GC heap after
{Heap after GC invocations=983 (full 3):
 PSYoungGen      total 1536K, used 224K [0x00000000d5580000, 0x00000000d5880000, 0x0000000100000000)
  eden space 1024K, 0% used [0x00000000d5580000,0x00000000d5580000,0x00000000d5680000)
  from space 512K, 43% used [0x00000000d5800000,0x00000000d5838000,0x00000000d5880000)
  to   space 512K, 0% used [0x00000000d5780000,0x00000000d5780000,0x00000000d5800000)
 ParOldGen       total 365568K, used 229840K [0x0000000080000000, 0x0000000096500000, 0x00000000d5580000)
  object space 365568K, 62% used [0x0000000080000000,0x000000008e074310,0x0000000096500000)
 Metaspace       used 78306K, committed 79808K, reserved 1179648K
  class space    used 9609K, committed 10240K, reserved 1048576K
}
Event: 98.859 GC heap before
{Heap before GC invocations=984 (full 3):
 PSYoungGen      total 1536K, used 1247K [0x00000000d5580000, 0x00000000d5880000, 0x0000000100000000)
  eden space 1024K, 99% used [0x00000000d5580000,0x00000000d567ff98,0x00000000d5680000)
  from space 512K, 43% used [0x00000000d5800000,0x00000000d5838000,0x00000000d5880000)
  to   space 512K, 0% used [0x00000000d5780000,0x00000000d5780000,0x00000000d5800000)
 ParOldGen       total 365568K, used 229840K [0x0000000080000000, 0x0000000096500000, 0x00000000d5580000)
  object space 365568K, 62% used [0x0000000080000000,0x000000008e074310,0x0000000096500000)
 Metaspace       used 78306K, committed 79808K, reserved 1179648K
  class space    used 9609K, committed 10240K, reserved 1048576K
}
Event: 98.860 GC heap after
{Heap after GC invocations=984 (full 3):
 PSYoungGen      total 1536K, used 256K [0x00000000d5580000, 0x00000000d5880000, 0x0000000100000000)
  eden space 1024K, 0% used [0x00000000d5580000,0x00000000d5580000,0x00000000d5680000)
  from space 512K, 50% used [0x00000000d5780000,0x00000000d57c0000,0x00000000d5800000)
  to   space 512K, 0% used [0x00000000d5800000,0x00000000d5800000,0x00000000d5880000)
 ParOldGen       total 365568K, used 229912K [0x0000000080000000, 0x0000000096500000, 0x00000000d5580000)
  object space 365568K, 62% used [0x0000000080000000,0x000000008e086310,0x0000000096500000)
 Metaspace       used 78306K, committed 79808K, reserved 1179648K
  class space    used 9609K, committed 10240K, reserved 1048576K
}
Event: 98.873 GC heap before
{Heap before GC invocations=985 (full 3):
 PSYoungGen      total 1536K, used 1280K [0x00000000d5580000, 0x00000000d5880000, 0x0000000100000000)
  eden space 1024K, 100% used [0x00000000d5580000,0x00000000d5680000,0x00000000d5680000)
  from space 512K, 50% used [0x00000000d5780000,0x00000000d57c0000,0x00000000d5800000)
  to   space 512K, 0% used [0x00000000d5800000,0x00000000d5800000,0x00000000d5880000)
 ParOldGen       total 365568K, used 229912K [0x0000000080000000, 0x0000000096500000, 0x00000000d5580000)
  object space 365568K, 62% used [0x0000000080000000,0x000000008e086310,0x0000000096500000)
 Metaspace       used 78318K, committed 79936K, reserved 1179648K
  class space    used 9610K, committed 10304K, reserved 1048576K
}
Event: 98.874 GC heap after
{Heap after GC invocations=985 (full 3):
 PSYoungGen      total 1536K, used 288K [0x00000000d5580000, 0x00000000d5880000, 0x0000000100000000)
  eden space 1024K, 0% used [0x00000000d5580000,0x00000000d5580000,0x00000000d5680000)
  from space 512K, 56% used [0x00000000d5800000,0x00000000d5848000,0x00000000d5880000)
  to   space 512K, 0% used [0x00000000d5780000,0x00000000d5780000,0x00000000d5800000)
 ParOldGen       total 365568K, used 229984K [0x0000000080000000, 0x0000000096500000, 0x00000000d5580000)
  object space 365568K, 62% used [0x0000000080000000,0x000000008e098310,0x0000000096500000)
 Metaspace       used 78318K, committed 79936K, reserved 1179648K
  class space    used 9610K, committed 10304K, reserved 1048576K
}
Event: 98.885 GC heap before
{Heap before GC invocations=986 (full 3):
 PSYoungGen      total 1536K, used 1312K [0x00000000d5580000, 0x00000000d5880000, 0x0000000100000000)
  eden space 1024K, 100% used [0x00000000d5580000,0x00000000d5680000,0x00000000d5680000)
  from space 512K, 56% used [0x00000000d5800000,0x00000000d5848000,0x00000000d5880000)
  to   space 512K, 0% used [0x00000000d5780000,0x00000000d5780000,0x00000000d5800000)
 ParOldGen       total 365568K, used 229984K [0x0000000080000000, 0x0000000096500000, 0x00000000d5580000)
  object space 365568K, 62% used [0x0000000080000000,0x000000008e098310,0x0000000096500000)
 Metaspace       used 78318K, committed 79936K, reserved 1179648K
  class space    used 9610K, committed 10304K, reserved 1048576K
}
Event: 98.886 GC heap after
{Heap after GC invocations=986 (full 3):
 PSYoungGen      total 1536K, used 224K [0x00000000d5580000, 0x00000000d5880000, 0x0000000100000000)
  eden space 1024K, 0% used [0x00000000d5580000,0x00000000d5580000,0x00000000d5680000)
  from space 512K, 43% used [0x00000000d5780000,0x00000000d57b8000,0x00000000d5800000)
  to   space 512K, 0% used [0x00000000d5800000,0x00000000d5800000,0x00000000d5880000)
 ParOldGen       total 365568K, used 230040K [0x0000000080000000, 0x0000000096500000, 0x00000000d5580000)
  object space 365568K, 62% used [0x0000000080000000,0x000000008e0a6310,0x0000000096500000)
 Metaspace       used 78318K, committed 79936K, reserved 1179648K
  class space    used 9610K, committed 10304K, reserved 1048576K
}
Event: 98.896 GC heap before
{Heap before GC invocations=987 (full 3):
 PSYoungGen      total 1536K, used 1248K [0x00000000d5580000, 0x00000000d5880000, 0x0000000100000000)
  eden space 1024K, 100% used [0x00000000d5580000,0x00000000d5680000,0x00000000d5680000)
  from space 512K, 43% used [0x00000000d5780000,0x00000000d57b8000,0x00000000d5800000)
  to   space 512K, 0% used [0x00000000d5800000,0x00000000d5800000,0x00000000d5880000)
 ParOldGen       total 365568K, used 230040K [0x0000000080000000, 0x0000000096500000, 0x00000000d5580000)
  object space 365568K, 62% used [0x0000000080000000,0x000000008e0a6310,0x0000000096500000)
 Metaspace       used 78321K, committed 79936K, reserved 1179648K
  class space    used 9610K, committed 10304K, reserved 1048576K
}
Event: 98.897 GC heap after
{Heap after GC invocations=987 (full 3):
 PSYoungGen      total 1536K, used 288K [0x00000000d5580000, 0x00000000d5880000, 0x0000000100000000)
  eden space 1024K, 0% used [0x00000000d5580000,0x00000000d5580000,0x00000000d5680000)
  from space 512K, 56% used [0x00000000d5800000,0x00000000d5848000,0x00000000d5880000)
  to   space 512K, 0% used [0x00000000d5780000,0x00000000d5780000,0x00000000d5800000)
 ParOldGen       total 365568K, used 230088K [0x0000000080000000, 0x0000000096500000, 0x00000000d5580000)
  object space 365568K, 62% used [0x0000000080000000,0x000000008e0b2310,0x0000000096500000)
 Metaspace       used 78321K, committed 79936K, reserved 1179648K
  class space    used 9610K, committed 10304K, reserved 1048576K
}
Event: 98.911 GC heap before
{Heap before GC invocations=988 (full 3):
 PSYoungGen      total 1536K, used 1311K [0x00000000d5580000, 0x00000000d5880000, 0x0000000100000000)
  eden space 1024K, 99% used [0x00000000d5580000,0x00000000d567fff0,0x00000000d5680000)
  from space 512K, 56% used [0x00000000d5800000,0x00000000d5848000,0x00000000d5880000)
  to   space 512K, 0% used [0x00000000d5780000,0x00000000d5780000,0x00000000d5800000)
 ParOldGen       total 365568K, used 230088K [0x0000000080000000, 0x0000000096500000, 0x00000000d5580000)
  object space 365568K, 62% used [0x0000000080000000,0x000000008e0b2310,0x0000000096500000)
 Metaspace       used 78321K, committed 79936K, reserved 1179648K
  class space    used 9610K, committed 10304K, reserved 1048576K
}
Event: 98.912 GC heap after
{Heap after GC invocations=988 (full 3):
 PSYoungGen      total 1536K, used 320K [0x00000000d5580000, 0x00000000d5880000, 0x0000000100000000)
  eden space 1024K, 0% used [0x00000000d5580000,0x00000000d5580000,0x00000000d5680000)
  from space 512K, 62% used [0x00000000d5780000,0x00000000d57d0000,0x00000000d5800000)
  to   space 512K, 0% used [0x00000000d5800000,0x00000000d5800000,0x00000000d5880000)
 ParOldGen       total 365568K, used 230184K [0x0000000080000000, 0x0000000096500000, 0x00000000d5580000)
  object space 365568K, 62% used [0x0000000080000000,0x000000008e0ca310,0x0000000096500000)
 Metaspace       used 78321K, committed 79936K, reserved 1179648K
  class space    used 9610K, committed 10304K, reserved 1048576K
}

