# JRE version: OpenJDK Runtime Environment Temurin-21.0.8+9 (21.0.8+9) (build 21.0.8+9-LTS)
# Java VM: OpenJDK 64-Bit Server VM Temurin-21.0.8+9 (21.0.8+9-LTS, mixed mode, sharing, tiered, compressed oops, compressed class ptrs, g1 gc, windows-amd64)
GC Precious Log:
 CardTable entry size: 512
 Card Set container configuration: InlinePtr #cards 5 size 8 Array Of Cards #cards 12 size 40 Howl #buckets 4 coarsen threshold 1843 Howl Bitmap #cards 512 size 80 coarsen threshold 460 Card regions per heap region 1 cards per card region 2048
 CPUs: 12 total, 12 available
 Memory: 16044M
 Large Page Support: Disabled
 NUMA Support: Disabled
 Compressed Oops: Enabled (32-bit)
 Heap Region Size: 1M
 Heap Min Capacity: 8M
 Heap Initial Capacity: 252M
 Heap Max Capacity: 2G
 Pre-touch: Disabled
 Parallel Workers: 10
 Concurrent Workers: 3
 Concurrent Refinement Workers: 10
 Periodic GC: Disabled
Heap:
 garbage-first heap   total 121856K, used 92315K [0x0000000080000000, 0x0000000100000000)
  region size 1024K, 21 young (21504K), 3 survivors (3072K)
 Metaspace       used 70490K, committed 72384K, reserved 1114112K
  class space    used 10003K, committed 10944K, reserved 1048576K
GC Heap History (20 events):
Event: 12.997 GC heap before
{Heap before GC invocations=9 (full 0):
 garbage-first heap   total 103424K, used 88650K [0x0000000080000000, 0x0000000100000000)
  region size 1024K, 57 young (58368K), 8 survivors (8192K)
 Metaspace       used 47663K, committed 49088K, reserved 1114112K
  class space    used 6871K, committed 7552K, reserved 1048576K
}
Event: 13.003 GC heap after
{Heap after GC invocations=10 (full 0):
 garbage-first heap   total 103424K, used 42101K [0x0000000080000000, 0x0000000100000000)
  region size 1024K, 5 young (5120K), 5 survivors (5120K)
 Metaspace       used 47663K, committed 49088K, reserved 1114112K
  class space    used 6871K, committed 7552K, reserved 1048576K
}
Event: 14.373 GC heap before
{Heap before GC invocations=10 (full 0):
 garbage-first heap   total 103424K, used 90229K [0x0000000080000000, 0x0000000100000000)
  region size 1024K, 51 young (52224K), 5 survivors (5120K)
 Metaspace       used 53760K, committed 55360K, reserved 1114112K
  class space    used 7798K, committed 8576K, reserved 1048576K
}
Event: 14.377 GC heap after
{Heap after GC invocations=11 (full 0):
 garbage-first heap   total 103424K, used 45660K [0x0000000080000000, 0x0000000100000000)
  region size 1024K, 4 young (4096K), 4 survivors (4096K)
 Metaspace       used 53760K, committed 55360K, reserved 1114112K
  class space    used 7798K, committed 8576K, reserved 1048576K
}
Event: 16.268 GC heap before
{Heap before GC invocations=11 (full 0):
 garbage-first heap   total 103424K, used 87644K [0x0000000080000000, 0x0000000100000000)
  region size 1024K, 43 young (44032K), 4 survivors (4096K)
 Metaspace       used 55374K, committed 57024K, reserved 1114112K
  class space    used 7964K, committed 8768K, reserved 1048576K
}
Event: 16.274 GC heap after
{Heap after GC invocations=12 (full 0):
 garbage-first heap   total 103424K, used 57172K [0x0000000080000000, 0x0000000100000000)
  region size 1024K, 6 young (6144K), 6 survivors (6144K)
 Metaspace       used 55374K, committed 57024K, reserved 1114112K
  class space    used 7964K, committed 8768K, reserved 1048576K
}
Event: 16.899 GC heap before
{Heap before GC invocations=13 (full 0):
 garbage-first heap   total 103424K, used 90964K [0x0000000080000000, 0x0000000100000000)
  region size 1024K, 37 young (37888K), 6 survivors (6144K)
 Metaspace       used 57782K, committed 59520K, reserved 1114112K
  class space    used 8311K, committed 9152K, reserved 1048576K
}
Event: 16.903 GC heap after
{Heap after GC invocations=14 (full 0):
 garbage-first heap   total 103424K, used 62514K [0x0000000080000000, 0x0000000100000000)
  region size 1024K, 3 young (3072K), 3 survivors (3072K)
 Metaspace       used 57782K, committed 59520K, reserved 1114112K
  class space    used 8311K, committed 9152K, reserved 1048576K
}
Event: 17.568 GC heap before
{Heap before GC invocations=14 (full 0):
 garbage-first heap   total 103424K, used 91186K [0x0000000080000000, 0x0000000100000000)
  region size 1024K, 31 young (31744K), 3 survivors (3072K)
 Metaspace       used 60903K, committed 62592K, reserved 1114112K
  class space    used 8668K, committed 9472K, reserved 1048576K
}
Event: 17.571 GC heap after
{Heap after GC invocations=15 (full 0):
 garbage-first heap   total 103424K, used 62257K [0x0000000080000000, 0x0000000100000000)
  region size 1024K, 1 young (1024K), 1 survivors (1024K)
 Metaspace       used 60903K, committed 62592K, reserved 1114112K
  class space    used 8668K, committed 9472K, reserved 1048576K
}
Event: 18.379 GC heap before
{Heap before GC invocations=15 (full 0):
 garbage-first heap   total 103424K, used 90929K [0x0000000080000000, 0x0000000100000000)
  region size 1024K, 31 young (31744K), 1 survivors (1024K)
 Metaspace       used 64499K, committed 66368K, reserved 1114112K
  class space    used 9193K, committed 10112K, reserved 1048576K
}
Event: 18.382 GC heap after
{Heap after GC invocations=16 (full 0):
 garbage-first heap   total 103424K, used 64606K [0x0000000080000000, 0x0000000100000000)
  region size 1024K, 4 young (4096K), 4 survivors (4096K)
 Metaspace       used 64499K, committed 66368K, reserved 1114112K
  class space    used 9193K, committed 10112K, reserved 1048576K
}
Event: 18.794 GC heap before
{Heap before GC invocations=17 (full 0):
 garbage-first heap   total 116736K, used 97374K [0x0000000080000000, 0x0000000100000000)
  region size 1024K, 30 young (30720K), 4 survivors (4096K)
 Metaspace       used 65553K, committed 67392K, reserved 1114112K
  class space    used 9337K, committed 10240K, reserved 1048576K
}
Event: 18.800 GC heap after
{Heap after GC invocations=18 (full 0):
 garbage-first heap   total 116736K, used 67382K [0x0000000080000000, 0x0000000100000000)
  region size 1024K, 4 young (4096K), 4 survivors (4096K)
 Metaspace       used 65553K, committed 67392K, reserved 1114112K
  class space    used 9337K, committed 10240K, reserved 1048576K
}
Event: 19.618 GC heap before
{Heap before GC invocations=18 (full 0):
 garbage-first heap   total 116736K, used 100150K [0x0000000080000000, 0x0000000100000000)
  region size 1024K, 36 young (36864K), 4 survivors (4096K)
 Metaspace       used 67895K, committed 69696K, reserved 1114112K
  class space    used 9650K, committed 10560K, reserved 1048576K
}
Event: 19.622 GC heap after
{Heap after GC invocations=19 (full 0):
 garbage-first heap   total 116736K, used 69023K [0x0000000080000000, 0x0000000100000000)
  region size 1024K, 2 young (2048K), 2 survivors (2048K)
 Metaspace       used 67895K, committed 69696K, reserved 1114112K
  class space    used 9650K, committed 10560K, reserved 1048576K
}
Event: 20.345 GC heap before
{Heap before GC invocations=19 (full 0):
 garbage-first heap   total 116736K, used 101791K [0x0000000080000000, 0x0000000100000000)
  region size 1024K, 34 young (34816K), 2 survivors (2048K)
 Metaspace       used 68814K, committed 70720K, reserved 1114112K
  class space    used 9772K, committed 10688K, reserved 1048576K
}
Event: 20.349 GC heap after
{Heap after GC invocations=20 (full 0):
 garbage-first heap   total 116736K, used 72111K [0x0000000080000000, 0x0000000100000000)
  region size 1024K, 5 young (5120K), 5 survivors (5120K)
 Metaspace       used 68814K, committed 70720K, reserved 1114112K
  class space    used 9772K, committed 10688K, reserved 1048576K
}
Event: 21.064 GC heap before
{Heap before GC invocations=21 (full 0):
 garbage-first heap   total 121856K, used 103855K [0x0000000080000000, 0x0000000100000000)
  region size 1024K, 36 young (36864K), 5 survivors (5120K)
 Metaspace       used 69259K, committed 71104K, reserved 1114112K
  class space    used 9823K, committed 10752K, reserved 1048576K
}
Event: 21.069 GC heap after
{Heap after GC invocations=22 (full 0):
 garbage-first heap   total 121856K, used 74907K [0x0000000080000000, 0x0000000100000000)
  region size 1024K, 3 young (3072K), 3 survivors (3072K)
 Metaspace       used 69259K, committed 71104K, reserved 1114112K
  class space    used 9823K, committed 10752K, reserved 1048576K
}

